X(S(S(0)) Output) = S(S(0))
---
D(?0 ?1) = S(S(0))
?2 = Output
X(?1 +(?0 ?2)) = S(0)
---
D(?0 ?1) = S(S(0))
?2 = Output
D(?3 ?4) = ?1
?5 = +(?0 ?2)
X(?4 +(?3 ?5)) = 0
---
D(?0 ?1) = S(S(0))
?2 = Output
D(?3 ?4) = ?1
?5 = +(?0 ?2)
E = ?4
0 = +(?3 ?5)
---
D(?0 ?1) = S(S(0))
?2 = Output
D(?3 ?4) = ?1
?5 = +(?0 ?2)
E = ?4
?6 = ?3
?6 = ?5
---
D(?0 ?1) = S(S(0))
?2 = Output
D(?3 ?4) = ?1
?6 = +(?0 ?2)
E = ?4
?6 = ?3
---
D(?0 ?1) = S(S(0))
?2 = Output
D(?6 ?4) = ?1
?6 = +(?0 ?2)
E = ?4
---
D(?0 ?1) = S(S(0))
?2 = Output
D(?6 E) = ?1
?6 = +(?0 ?2)
---
D(?0 ?1) = S(S(0))
?2 = Output
D(?6 E) = ?1
+(?0 ?2) = ?6
---
D(?0 ?1) = S(S(0))
?2 = Output
D(+(?0 ?2) E) = ?1
---
D(?0 D(+(?0 ?2) E)) = S(S(0))
?2 = Output
---
D(?0 D(+(?0 Output) E)) = S(S(0))
---
S(?5) = ?0
S(?7) = D(+(?0 Output) E)
D(?5 ?7) = S(0)
---
S(?5) = ?0
S(?7) = D(+(?0 Output) E)
S(?8) = ?5
S(?9) = ?7
D(?8 ?9) = 0
---
S(?5) = ?0
S(?7) = D(+(?0 Output) E)
S(?8) = ?5
S(?9) = ?7
0 = ?8
0 = ?9
---
S(?5) = ?0
S(?7) = D(+(?0 Output) E)
S(?8) = ?5
S(0) = ?7
0 = ?8
---
S(?5) = ?0
S(?7) = D(+(?0 Output) E)
S(0) = ?5
S(0) = ?7
---
S(?5) = ?0
S(S(0)) = D(+(?0 Output) E)
S(0) = ?5
---
S(S(0)) = ?0
S(S(0)) = D(+(?0 Output) E)
---
S(S(0)) = ?0
S(S(0)) = D(+(?0 Output) E)
---
S(S(0)) = ?0
D(?1 ?10) = S(0)
S(?1) = +(?0 Output)
S(?10) = E
---
S(S(0)) = ?0
D(?1 ?10) = S(0)
S(?1) = +(?0 Output)
S(?10) = E
---
S(S(0)) = ?0
D(?1 ?10) = S(0)
S(?1) = +(?0 Output)
E = ?10
---
S(S(0)) = ?0
D(?1 E) = S(0)
S(?1) = +(?0 Output)
---
S(S(0)) = ?0
D(?1 E) = S(0)
S(?1) = +(?0 Output)
---
S(S(0)) = ?0
D(?1 E) = S(0)
S(?1) = +(?0 Output)
---
S(S(0)) = ?0
D(?1 E) = S(0)
+(?3 ?4) = ?1
?3 = ?0
S(?4) = Output
---
S(S(0)) = ?0
D(?1 E) = S(0)
+(?3 ?4) = ?1
?3 = ?0
S(?4) = Output
---
S(S(0)) = ?0
D(?1 E) = S(0)
+(?3 ?4) = ?1
?3 = ?0
S(?4) = Output
---
S(S(0)) = ?3
D(?1 E) = S(0)
+(?3 ?4) = ?1
S(?4) = Output
---
S(S(0)) = ?3
D(+(?3 ?4) E) = S(0)
S(?4) = Output
---
S(S(0)) = ?3
D(+(?3 ?4) E) = S(0)
S(?4) = Output
---
S(S(0)) = ?3
S(?2) = +(?3 ?4)
S(?6) = E
D(?2 ?6) = 0
S(?4) = Output
---
S(S(0)) = ?3
S(?2) = +(?3 ?4)
S(?6) = E
D(?2 ?6) = 0
S(?4) = Output
---
S(S(0)) = ?3
S(?2) = +(?3 ?4)
S(?6) = E
0 = ?2
0 = ?6
S(?4) = Output
---
S(S(0)) = ?3
S(?2) = +(?3 ?4)
S(0) = E
0 = ?2
S(?4) = Output
---
S(S(0)) = ?3
S(0) = +(?3 ?4)
S(0) = E
S(?4) = Output
---
S(S(0)) = ?3
S(0) = +(?3 ?4)
S(0) = E
S(?4) = Output
---
S(S(0)) = ?3
S(0) = +(?3 ?4)
E = 0
S(?4) = Output
---
S(S(0)) = ?3
S(0) = +(?3 ?4)
E = 0
S(?4) = Output
---
S(S(0)) = ?3
S(0) = +(?3 ?4)
S(?4) = Output
---
S(S(0)) = ?3
S(0) = +(?3 ?4)
S(?4) = Output
---
S(S(0)) = ?3
+(?1 ?6) = 0
?1 = ?3
S(?6) = ?4
S(?4) = Output
---
S(S(0)) = ?3
+(?1 ?6) = 0
?1 = ?3
S(S(?6)) = Output
---
S(S(0)) = ?1
+(?1 ?6) = 0
S(S(?6)) = Output
---
S(S(0)) = ?1
+(?1 ?6) = 0
S(S(?6)) = Output
---
S(S(0)) = ?1
?2 = ?1
?2 = ?6
S(S(?6)) = Output
---
S(S(0)) = ?1
?2 = ?1
S(S(?2)) = Output
---
S(S(0)) = ?2
S(S(?2)) = Output
---
S(S(0)) = ?2
S(S(?2)) = Output
---
S(S(0)) = ?2
S(S(?2)) = Output
---
S(S(0)) = ?2
S(S(?2)) = Output
---
S(S(S(S(0)))) = Output